{"/private/var/www/convert-temperature/src/logHandler/logger.js": {"path":"/private/var/www/convert-temperature/src/logHandler/logger.js","statementMap":{"0":{"start":{"line":1,"column":16},"end":{"line":1,"column":34}},"1":{"start":{"line":3,"column":16},"end":{"line":19,"column":1}},"2":{"start":{"line":21,"column":15},"end":{"line":28,"column":2}},"3":{"start":{"line":30,"column":0},"end":{"line":30,"column":23}}},"fnMap":{},"branchMap":{},"s":{"0":1,"1":1,"2":1,"3":1},"f":{},"b":{},"_coverageSchema":"1a1c01bbd47fc00a2c39e90264f33305004495a9","hash":"e95411f96575eb049f411f7ced67c3fd14dbcf98"}
,"/private/var/www/convert-temperature/src/utils/converter.utils.js": {"path":"/private/var/www/convert-temperature/src/utils/converter.utils.js","statementMap":{"0":{"start":{"line":1,"column":15},"end":{"line":1,"column":46}},"1":{"start":{"line":3,"column":35},"end":{"line":10,"column":1}},"2":{"start":{"line":4,"column":4},"end":{"line":7,"column":5}},"3":{"start":{"line":5,"column":8},"end":{"line":5,"column":93}},"4":{"start":{"line":6,"column":8},"end":{"line":6,"column":72}},"5":{"start":{"line":8,"column":19},"end":{"line":8,"column":49}},"6":{"start":{"line":9,"column":4},"end":{"line":9,"column":43}},"7":{"start":{"line":12,"column":35},"end":{"line":19,"column":1}},"8":{"start":{"line":13,"column":4},"end":{"line":16,"column":5}},"9":{"start":{"line":14,"column":8},"end":{"line":14,"column":99}},"10":{"start":{"line":15,"column":8},"end":{"line":15,"column":75}},"11":{"start":{"line":17,"column":19},"end":{"line":17,"column":52}},"12":{"start":{"line":18,"column":4},"end":{"line":18,"column":43}},"13":{"start":{"line":21,"column":30},"end":{"line":27,"column":1}},"14":{"start":{"line":22,"column":4},"end":{"line":25,"column":5}},"15":{"start":{"line":23,"column":8},"end":{"line":23,"column":55}},"16":{"start":{"line":24,"column":8},"end":{"line":24,"column":47}},"17":{"start":{"line":26,"column":4},"end":{"line":26,"column":60}},"18":{"start":{"line":29,"column":0},"end":{"line":33,"column":1}}},"fnMap":{"0":{"name":"(anonymous_0)","decl":{"start":{"line":3,"column":35},"end":{"line":3,"column":36}},"loc":{"start":{"line":3,"column":61},"end":{"line":10,"column":1}},"line":3},"1":{"name":"(anonymous_1)","decl":{"start":{"line":12,"column":35},"end":{"line":12,"column":36}},"loc":{"start":{"line":12,"column":64},"end":{"line":19,"column":1}},"line":12},"2":{"name":"(anonymous_2)","decl":{"start":{"line":21,"column":30},"end":{"line":21,"column":31}},"loc":{"start":{"line":21,"column":42},"end":{"line":27,"column":1}},"line":21}},"branchMap":{"0":{"loc":{"start":{"line":3,"column":45},"end":{"line":3,"column":56}},"type":"default-arg","locations":[{"start":{"line":3,"column":55},"end":{"line":3,"column":56}}],"line":3},"1":{"loc":{"start":{"line":4,"column":4},"end":{"line":7,"column":5}},"type":"if","locations":[{"start":{"line":4,"column":4},"end":{"line":7,"column":5}},{"start":{},"end":{}}],"line":4},"2":{"loc":{"start":{"line":4,"column":8},"end":{"line":4,"column":40}},"type":"binary-expr","locations":[{"start":{"line":4,"column":8},"end":{"line":4,"column":22}},{"start":{"line":4,"column":26},"end":{"line":4,"column":40}}],"line":4},"3":{"loc":{"start":{"line":12,"column":48},"end":{"line":12,"column":59}},"type":"default-arg","locations":[{"start":{"line":12,"column":58},"end":{"line":12,"column":59}}],"line":12},"4":{"loc":{"start":{"line":13,"column":4},"end":{"line":16,"column":5}},"type":"if","locations":[{"start":{"line":13,"column":4},"end":{"line":16,"column":5}},{"start":{},"end":{}}],"line":13},"5":{"loc":{"start":{"line":13,"column":8},"end":{"line":13,"column":43}},"type":"binary-expr","locations":[{"start":{"line":13,"column":8},"end":{"line":13,"column":25}},{"start":{"line":13,"column":29},"end":{"line":13,"column":43}}],"line":13},"6":{"loc":{"start":{"line":22,"column":4},"end":{"line":25,"column":5}},"type":"if","locations":[{"start":{"line":22,"column":4},"end":{"line":25,"column":5}},{"start":{},"end":{}}],"line":22}},"s":{"0":1,"1":1,"2":3,"3":1,"4":1,"5":2,"6":2,"7":1,"8":3,"9":1,"10":1,"11":2,"12":2,"13":1,"14":2,"15":1,"16":1,"17":1,"18":1},"f":{"0":3,"1":3,"2":2},"b":{"0":[2],"1":[1,2],"2":[3,2],"3":[2],"4":[1,2],"5":[3,2],"6":[1,1]},"_coverageSchema":"1a1c01bbd47fc00a2c39e90264f33305004495a9","hash":"76893c4b0d184e156343267aff411429c3ebeee1"}
}
