TN:
SF:src/logHandler/logger.js
FNF:0
FNH:0
DA:1,1
DA:3,1
DA:21,1
DA:30,1
LF:4
LH:4
BRF:0
BRH:0
end_of_record
TN:
SF:src/utils/converter.utils.js
FN:3,(anonymous_0)
FN:12,(anonymous_1)
FN:21,(anonymous_2)
FNF:3
FNH:3
FNDA:3,(anonymous_0)
FNDA:3,(anonymous_1)
FNDA:2,(anonymous_2)
DA:1,1
DA:3,1
DA:4,3
DA:5,1
DA:6,1
DA:8,2
DA:9,2
DA:12,1
DA:13,3
DA:14,1
DA:15,1
DA:17,2
DA:18,2
DA:21,1
DA:22,2
DA:23,1
DA:24,1
DA:26,1
DA:29,1
LF:19
LH:19
BRDA:3,0,0,2
BRDA:4,1,0,1
BRDA:4,1,1,2
BRDA:4,2,0,3
BRDA:4,2,1,2
BRDA:12,3,0,2
BRDA:13,4,0,1
BRDA:13,4,1,2
BRDA:13,5,0,3
BRDA:13,5,1,2
BRDA:22,6,0,1
BRDA:22,6,1,1
BRF:12
BRH:12
end_of_record
